<?xml version="1.0" encoding="UTF-8" standalone="no"?>
<testsuite failures="0" name="cucumber.runtime.formatter.JUnitFormatter" skipped="0" tests="1" time="9.760791">
    <testcase classname="Verify Login" name="Successful login with valid credentials" time="9.760791">
        <system-out>
            <![CDATA[Given User is on login page.................................................passed
When User enters email and password and clicks login button.................passed
Then User should see logout link............................................passed
]]>
        </system-out>
    </testcase>
</testsuite>
